12-28-2019 23:50:38 INFO  RestAPIBase:23 - EmployerRestAPI
12-28-2019 23:50:38 DEBUG RestAPIBase:24 - Employer details
12-28-2019 23:50:39 DEBUG BasicClientConnectionManager:161 - Get connection for route {}->http://dummy.restapiexample.com:80
12-28-2019 23:50:39 DEBUG DefaultClientConnectionOperator:177 - Connecting to dummy.restapiexample.com:80
12-28-2019 23:50:39 DEBUG RequestAddCookies:123 - CookieSpec selected: ignoreCookies
12-28-2019 23:50:39 DEBUG RequestAuthCache:77 - Auth cache not set in the context
12-28-2019 23:50:39 DEBUG RequestTargetAuthentication:80 - Target auth state: UNCHALLENGED
12-28-2019 23:50:39 DEBUG RequestProxyAuthentication:89 - Proxy auth state: UNCHALLENGED
12-28-2019 23:50:39 DEBUG DefaultHttpClient:682 - Attempt 1 to execute request
12-28-2019 23:50:39 DEBUG DefaultClientConnection:274 - Sending request: POST /api/v1/create HTTP/1.1
12-28-2019 23:50:39 DEBUG wire:73 -  >> "POST /api/v1/create HTTP/1.1[\r][\n]"
12-28-2019 23:50:39 DEBUG wire:73 -  >> "Accept: */*[\r][\n]"
12-28-2019 23:50:39 DEBUG wire:73 -  >> "Content-Type: application/json; charset=UTF-8[\r][\n]"
12-28-2019 23:50:39 DEBUG wire:73 -  >> "Content-Length: 69[\r][\n]"
12-28-2019 23:50:39 DEBUG wire:73 -  >> "Host: dummy.restapiexample.com[\r][\n]"
12-28-2019 23:50:39 DEBUG wire:73 -  >> "Connection: Keep-Alive[\r][\n]"
12-28-2019 23:50:39 DEBUG wire:73 -  >> "User-Agent: Apache-HttpClient/4.5.3 (Java/13.0.1)[\r][\n]"
12-28-2019 23:50:39 DEBUG wire:73 -  >> "Accept-Encoding: gzip,deflate[\r][\n]"
12-28-2019 23:50:39 DEBUG wire:73 -  >> "[\r][\n]"
12-28-2019 23:50:39 DEBUG headers:278 - >> POST /api/v1/create HTTP/1.1
12-28-2019 23:50:39 DEBUG headers:281 - >> Accept: */*
12-28-2019 23:50:39 DEBUG headers:281 - >> Content-Type: application/json; charset=UTF-8
12-28-2019 23:50:39 DEBUG headers:281 - >> Content-Length: 69
12-28-2019 23:50:39 DEBUG headers:281 - >> Host: dummy.restapiexample.com
12-28-2019 23:50:39 DEBUG headers:281 - >> Connection: Keep-Alive
12-28-2019 23:50:39 DEBUG headers:281 - >> User-Agent: Apache-HttpClient/4.5.3 (Java/13.0.1)
12-28-2019 23:50:39 DEBUG headers:281 - >> Accept-Encoding: gzip,deflate
12-28-2019 23:50:39 DEBUG wire:87 -  >> "{"employee_name":"Binn","employee_salary":"3000","employee_age":"36"}"
12-28-2019 23:50:40 DEBUG wire:73 -  << "HTTP/1.1 200 OK[\r][\n]"
12-28-2019 23:50:40 DEBUG wire:73 -  << "Accept-Ranges: bytes[\r][\n]"
12-28-2019 23:50:40 DEBUG wire:73 -  << "Access-Control-Allow-Origin: *[\r][\n]"
12-28-2019 23:50:40 DEBUG wire:73 -  << "Access-Control-Expose-Headers: Content-Type, X-Requested-With, X-authentication, X-client[\r][\n]"
12-28-2019 23:50:40 DEBUG wire:73 -  << "Age: 0[\r][\n]"
12-28-2019 23:50:40 DEBUG wire:73 -  << "Cache-Control: no-store, no-cache, must-revalidate[\r][\n]"
12-28-2019 23:50:40 DEBUG wire:73 -  << "Content-Type: text/html; charset=UTF-8[\r][\n]"
12-28-2019 23:50:40 DEBUG wire:73 -  << "Date: Sun, 29 Dec 2019 07:50:40 GMT[\r][\n]"
12-28-2019 23:50:40 DEBUG wire:73 -  << "Expires: Thu, 19 Nov 1981 08:52:00 GMT[\r][\n]"
12-28-2019 23:50:40 DEBUG wire:73 -  << "Pagespeed: off[\r][\n]"
12-28-2019 23:50:40 DEBUG wire:73 -  << "Pragma: no-cache[\r][\n]"
12-28-2019 23:50:40 DEBUG wire:73 -  << "Referrer-Policy: [\r][\n]"
12-28-2019 23:50:40 DEBUG wire:73 -  << "Response: 200[\r][\n]"
12-28-2019 23:50:40 DEBUG wire:73 -  << "Server: nginx/1.16.0[\r][\n]"
12-28-2019 23:50:40 DEBUG wire:73 -  << "Set-Cookie: PHPSESSID=25f78beed9a8672a6cb5e037afd10e65; path=/[\r][\n]"
12-28-2019 23:50:40 DEBUG wire:73 -  << "Set-Cookie: ezoadgid_133674=-1; Path=/; Domain=restapiexample.com; Expires=Sun, 29 Dec 2019 08:20:39 UTC[\r][\n]"
12-28-2019 23:50:40 DEBUG wire:73 -  << "Set-Cookie: ezoref_133674=; Path=/; Domain=restapiexample.com; Expires=Sun, 29 Dec 2019 09:50:39 UTC[\r][\n]"
12-28-2019 23:50:40 DEBUG wire:73 -  << "Set-Cookie: ezoab_133674=mod7; Path=/; Domain=restapiexample.com; Expires=Sun, 29 Dec 2019 09:50:39 UTC[\r][\n]"
12-28-2019 23:50:40 DEBUG wire:73 -  << "Set-Cookie: active_template::133674=pub_site.1577605839; Path=/; Domain=restapiexample.com; Expires=Tue, 31 Dec 2019 07:50:39 UTC[\r][\n]"
12-28-2019 23:50:40 DEBUG wire:73 -  << "Set-Cookie: ezCMPCCS=true; Path=/; Domain=restapiexample.com; Expires=Tue, 29 Dec 2020 07:50:40 GMT[\r][\n]"
12-28-2019 23:50:40 DEBUG wire:73 -  << "Vary: Accept-Encoding,X-APP-JSON[\r][\n]"
12-28-2019 23:50:40 DEBUG wire:73 -  << "Via: 1.1 varnish (Varnish/6.0)[\r][\n]"
12-28-2019 23:50:40 DEBUG wire:73 -  << "X-Ezoic-Cdn: Miss[\r][\n]"
12-28-2019 23:50:40 DEBUG wire:73 -  << "X-Middleton-Response: 200[\r][\n]"
12-28-2019 23:50:40 DEBUG wire:73 -  << "X-Shard: 10022472[\r][\n]"
12-28-2019 23:50:40 DEBUG wire:73 -  << "X-Sol: pub_site[\r][\n]"
12-28-2019 23:50:40 DEBUG wire:73 -  << "X-Varnish: 993034953[\r][\n]"
12-28-2019 23:50:40 DEBUG wire:73 -  << "X-Vcache: Miss[\r][\n]"
12-28-2019 23:50:40 DEBUG wire:73 -  << "Content-Length: 110[\r][\n]"
12-28-2019 23:50:40 DEBUG wire:73 -  << "[\r][\n]"
12-28-2019 23:50:40 DEBUG DefaultClientConnection:259 - Receiving response: HTTP/1.1 200 OK
12-28-2019 23:50:40 DEBUG headers:262 - << HTTP/1.1 200 OK
12-28-2019 23:50:40 DEBUG headers:265 - << Accept-Ranges: bytes
12-28-2019 23:50:40 DEBUG headers:265 - << Access-Control-Allow-Origin: *
12-28-2019 23:50:40 DEBUG headers:265 - << Access-Control-Expose-Headers: Content-Type, X-Requested-With, X-authentication, X-client
12-28-2019 23:50:40 DEBUG headers:265 - << Age: 0
12-28-2019 23:50:40 DEBUG headers:265 - << Cache-Control: no-store, no-cache, must-revalidate
12-28-2019 23:50:40 DEBUG headers:265 - << Content-Type: text/html; charset=UTF-8
12-28-2019 23:50:40 DEBUG headers:265 - << Date: Sun, 29 Dec 2019 07:50:40 GMT
12-28-2019 23:50:40 DEBUG headers:265 - << Expires: Thu, 19 Nov 1981 08:52:00 GMT
12-28-2019 23:50:40 DEBUG headers:265 - << Pagespeed: off
12-28-2019 23:50:40 DEBUG headers:265 - << Pragma: no-cache
12-28-2019 23:50:40 DEBUG headers:265 - << Referrer-Policy: 
12-28-2019 23:50:40 DEBUG headers:265 - << Response: 200
12-28-2019 23:50:40 DEBUG headers:265 - << Server: nginx/1.16.0
12-28-2019 23:50:40 DEBUG headers:265 - << Set-Cookie: PHPSESSID=25f78beed9a8672a6cb5e037afd10e65; path=/
12-28-2019 23:50:40 DEBUG headers:265 - << Set-Cookie: ezoadgid_133674=-1; Path=/; Domain=restapiexample.com; Expires=Sun, 29 Dec 2019 08:20:39 UTC
12-28-2019 23:50:40 DEBUG headers:265 - << Set-Cookie: ezoref_133674=; Path=/; Domain=restapiexample.com; Expires=Sun, 29 Dec 2019 09:50:39 UTC
12-28-2019 23:50:40 DEBUG headers:265 - << Set-Cookie: ezoab_133674=mod7; Path=/; Domain=restapiexample.com; Expires=Sun, 29 Dec 2019 09:50:39 UTC
12-28-2019 23:50:40 DEBUG headers:265 - << Set-Cookie: active_template::133674=pub_site.1577605839; Path=/; Domain=restapiexample.com; Expires=Tue, 31 Dec 2019 07:50:39 UTC
12-28-2019 23:50:40 DEBUG headers:265 - << Set-Cookie: ezCMPCCS=true; Path=/; Domain=restapiexample.com; Expires=Tue, 29 Dec 2020 07:50:40 GMT
12-28-2019 23:50:40 DEBUG headers:265 - << Vary: Accept-Encoding,X-APP-JSON
12-28-2019 23:50:40 DEBUG headers:265 - << Via: 1.1 varnish (Varnish/6.0)
12-28-2019 23:50:40 DEBUG headers:265 - << X-Ezoic-Cdn: Miss
12-28-2019 23:50:40 DEBUG headers:265 - << X-Middleton-Response: 200
12-28-2019 23:50:40 DEBUG headers:265 - << X-Shard: 10022472
12-28-2019 23:50:40 DEBUG headers:265 - << X-Sol: pub_site
12-28-2019 23:50:40 DEBUG headers:265 - << X-Varnish: 993034953
12-28-2019 23:50:40 DEBUG headers:265 - << X-Vcache: Miss
12-28-2019 23:50:40 DEBUG headers:265 - << Content-Length: 110
12-28-2019 23:50:40 DEBUG DefaultHttpClient:509 - Connection can be kept alive indefinitely
12-28-2019 23:50:40 DEBUG RequestSpecificationImpl$RestAssuredHttpBuilder:544 - Parsing response as: text/html; charset=UTF-8
12-28-2019 23:50:40 DEBUG RequestSpecificationImpl$RestAssuredHttpBuilder:547 - Parsed data to instance of: class org.apache.http.conn.EofSensorInputStream
12-28-2019 23:50:40 INFO  RestAPIBase:57 - Content Encoding null
12-28-2019 23:50:40 DEBUG wire:87 -  << "{"error":{"text":SQLSTATE[23000]: Integrity constraint violation: 1048 Column 'employee_name' cannot be null}}"
12-28-2019 23:50:40 DEBUG BasicClientConnectionManager:200 - Releasing connection org.apache.http.impl.conn.ManagedClientConnectionImpl@5d5b5fa7
12-28-2019 23:50:40 DEBUG BasicClientConnectionManager:225 - Connection can be kept alive indefinitely
12-28-2019 23:50:40 INFO  RestAPIBase:41 - Response Body is:{"error":{"text":SQLSTATE[23000]: Integrity constraint violation: 1048 Column 'employee_name' cannot be null}}
12-28-2019 23:50:40 INFO  RestAPIBase:50 - status code is200
12-28-2019 23:57:10 INFO  RestAPIBase:23 - EmployerRestAPI
12-28-2019 23:57:10 DEBUG RestAPIBase:24 - Employer details
12-28-2019 23:57:10 INFO  RestAPIBase:17 - ----Getting Started TC100_GetEmp_Details-----
12-28-2019 23:57:11 DEBUG BasicClientConnectionManager:161 - Get connection for route {}->http://dummy.restapiexample.com:80
12-28-2019 23:57:11 DEBUG DefaultClientConnectionOperator:177 - Connecting to dummy.restapiexample.com:80
12-28-2019 23:57:11 DEBUG RequestAddCookies:123 - CookieSpec selected: ignoreCookies
12-28-2019 23:57:11 DEBUG RequestAuthCache:77 - Auth cache not set in the context
12-28-2019 23:57:11 DEBUG RequestTargetAuthentication:80 - Target auth state: UNCHALLENGED
12-28-2019 23:57:11 DEBUG RequestProxyAuthentication:89 - Proxy auth state: UNCHALLENGED
12-28-2019 23:57:11 DEBUG DefaultHttpClient:682 - Attempt 1 to execute request
12-28-2019 23:57:11 DEBUG DefaultClientConnection:274 - Sending request: GET /api/v1/employee/257888 HTTP/1.1
12-28-2019 23:57:11 DEBUG wire:73 -  >> "GET /api/v1/employee/257888 HTTP/1.1[\r][\n]"
12-28-2019 23:57:11 DEBUG wire:73 -  >> "Accept: */*[\r][\n]"
12-28-2019 23:57:11 DEBUG wire:73 -  >> "Host: dummy.restapiexample.com[\r][\n]"
12-28-2019 23:57:11 DEBUG wire:73 -  >> "Connection: Keep-Alive[\r][\n]"
12-28-2019 23:57:11 DEBUG wire:73 -  >> "User-Agent: Apache-HttpClient/4.5.3 (Java/13.0.1)[\r][\n]"
12-28-2019 23:57:11 DEBUG wire:73 -  >> "Accept-Encoding: gzip,deflate[\r][\n]"
12-28-2019 23:57:11 DEBUG wire:73 -  >> "[\r][\n]"
12-28-2019 23:57:11 DEBUG headers:278 - >> GET /api/v1/employee/257888 HTTP/1.1
12-28-2019 23:57:11 DEBUG headers:281 - >> Accept: */*
12-28-2019 23:57:11 DEBUG headers:281 - >> Host: dummy.restapiexample.com
12-28-2019 23:57:11 DEBUG headers:281 - >> Connection: Keep-Alive
12-28-2019 23:57:11 DEBUG headers:281 - >> User-Agent: Apache-HttpClient/4.5.3 (Java/13.0.1)
12-28-2019 23:57:11 DEBUG headers:281 - >> Accept-Encoding: gzip,deflate
12-28-2019 23:57:12 DEBUG wire:73 -  << "HTTP/1.1 200 OK[\r][\n]"
12-28-2019 23:57:12 DEBUG wire:73 -  << "Accept-Ranges: bytes[\r][\n]"
12-28-2019 23:57:12 DEBUG wire:73 -  << "Access-Control-Allow-Origin: *[\r][\n]"
12-28-2019 23:57:12 DEBUG wire:73 -  << "Access-Control-Expose-Headers: Content-Type, X-Requested-With, X-authentication, X-client[\r][\n]"
12-28-2019 23:57:12 DEBUG wire:73 -  << "Age: 0[\r][\n]"
12-28-2019 23:57:12 DEBUG wire:73 -  << "Cache-Control: no-store, no-cache, must-revalidate[\r][\n]"
12-28-2019 23:57:12 DEBUG wire:73 -  << "Content-Type: text/html; charset=UTF-8[\r][\n]"
12-28-2019 23:57:12 DEBUG wire:73 -  << "Date: Sun, 29 Dec 2019 07:57:12 GMT[\r][\n]"
12-28-2019 23:57:12 DEBUG wire:73 -  << "Expires: Thu, 19 Nov 1981 08:52:00 GMT[\r][\n]"
12-28-2019 23:57:12 DEBUG wire:73 -  << "Pagespeed: off[\r][\n]"
12-28-2019 23:57:12 DEBUG wire:73 -  << "Pragma: no-cache[\r][\n]"
12-28-2019 23:57:12 DEBUG wire:73 -  << "Referrer-Policy: [\r][\n]"
12-28-2019 23:57:12 DEBUG wire:73 -  << "Response: 200[\r][\n]"
12-28-2019 23:57:12 DEBUG wire:73 -  << "Server: nginx/1.16.0[\r][\n]"
12-28-2019 23:57:12 DEBUG wire:73 -  << "Set-Cookie: PHPSESSID=d884e7b8d8da1c8678a8bf245b04b2f7; path=/[\r][\n]"
12-28-2019 23:57:12 DEBUG wire:73 -  << "Set-Cookie: ezoadgid_133674=-1; Path=/; Domain=restapiexample.com; Expires=Sun, 29 Dec 2019 08:27:11 UTC[\r][\n]"
12-28-2019 23:57:12 DEBUG wire:73 -  << "Set-Cookie: ezoref_133674=; Path=/; Domain=restapiexample.com; Expires=Sun, 29 Dec 2019 09:57:11 UTC[\r][\n]"
12-28-2019 23:57:12 DEBUG wire:73 -  << "Set-Cookie: ezoab_133674=mod71; Path=/; Domain=restapiexample.com; Expires=Sun, 29 Dec 2019 09:57:11 UTC[\r][\n]"
12-28-2019 23:57:12 DEBUG wire:73 -  << "Set-Cookie: active_template::133674=pub_site.1577606231; Path=/; Domain=restapiexample.com; Expires=Tue, 31 Dec 2019 07:57:11 UTC[\r][\n]"
12-28-2019 23:57:12 DEBUG wire:73 -  << "Set-Cookie: ezCMPCCS=true; Path=/; Domain=restapiexample.com; Expires=Tue, 29 Dec 2020 07:57:12 GMT[\r][\n]"
12-28-2019 23:57:12 DEBUG wire:73 -  << "Vary: Accept-Encoding,User-Agent,X-APP-JSON[\r][\n]"
12-28-2019 23:57:12 DEBUG wire:73 -  << "Via: 1.1 varnish (Varnish/6.0)[\r][\n]"
12-28-2019 23:57:12 DEBUG wire:73 -  << "X-Ezoic-Cdn: Miss[\r][\n]"
12-28-2019 23:57:12 DEBUG wire:73 -  << "X-Middleton-Response: 200[\r][\n]"
12-28-2019 23:57:12 DEBUG wire:73 -  << "X-Shard: [\r][\n]"
12-28-2019 23:57:12 DEBUG wire:73 -  << "X-Sol: pub_site[\r][\n]"
12-28-2019 23:57:12 DEBUG wire:73 -  << "X-Varnish: 173941690[\r][\n]"
12-28-2019 23:57:12 DEBUG wire:73 -  << "X-Vcache: Miss[\r][\n]"
12-28-2019 23:57:12 DEBUG wire:73 -  << "Content-Length: 120[\r][\n]"
12-28-2019 23:57:12 DEBUG wire:73 -  << "[\r][\n]"
12-28-2019 23:57:12 DEBUG DefaultClientConnection:259 - Receiving response: HTTP/1.1 200 OK
12-28-2019 23:57:12 DEBUG headers:262 - << HTTP/1.1 200 OK
12-28-2019 23:57:12 DEBUG headers:265 - << Accept-Ranges: bytes
12-28-2019 23:57:12 DEBUG headers:265 - << Access-Control-Allow-Origin: *
12-28-2019 23:57:12 DEBUG headers:265 - << Access-Control-Expose-Headers: Content-Type, X-Requested-With, X-authentication, X-client
12-28-2019 23:57:12 DEBUG headers:265 - << Age: 0
12-28-2019 23:57:12 DEBUG headers:265 - << Cache-Control: no-store, no-cache, must-revalidate
12-28-2019 23:57:12 DEBUG headers:265 - << Content-Type: text/html; charset=UTF-8
12-28-2019 23:57:12 DEBUG headers:265 - << Date: Sun, 29 Dec 2019 07:57:12 GMT
12-28-2019 23:57:12 DEBUG headers:265 - << Expires: Thu, 19 Nov 1981 08:52:00 GMT
12-28-2019 23:57:12 DEBUG headers:265 - << Pagespeed: off
12-28-2019 23:57:12 DEBUG headers:265 - << Pragma: no-cache
12-28-2019 23:57:12 DEBUG headers:265 - << Referrer-Policy: 
12-28-2019 23:57:12 DEBUG headers:265 - << Response: 200
12-28-2019 23:57:12 DEBUG headers:265 - << Server: nginx/1.16.0
12-28-2019 23:57:12 DEBUG headers:265 - << Set-Cookie: PHPSESSID=d884e7b8d8da1c8678a8bf245b04b2f7; path=/
12-28-2019 23:57:12 DEBUG headers:265 - << Set-Cookie: ezoadgid_133674=-1; Path=/; Domain=restapiexample.com; Expires=Sun, 29 Dec 2019 08:27:11 UTC
12-28-2019 23:57:12 DEBUG headers:265 - << Set-Cookie: ezoref_133674=; Path=/; Domain=restapiexample.com; Expires=Sun, 29 Dec 2019 09:57:11 UTC
12-28-2019 23:57:12 DEBUG headers:265 - << Set-Cookie: ezoab_133674=mod71; Path=/; Domain=restapiexample.com; Expires=Sun, 29 Dec 2019 09:57:11 UTC
12-28-2019 23:57:12 DEBUG headers:265 - << Set-Cookie: active_template::133674=pub_site.1577606231; Path=/; Domain=restapiexample.com; Expires=Tue, 31 Dec 2019 07:57:11 UTC
12-28-2019 23:57:12 DEBUG headers:265 - << Set-Cookie: ezCMPCCS=true; Path=/; Domain=restapiexample.com; Expires=Tue, 29 Dec 2020 07:57:12 GMT
12-28-2019 23:57:12 DEBUG headers:265 - << Vary: Accept-Encoding,User-Agent,X-APP-JSON
12-28-2019 23:57:12 DEBUG headers:265 - << Via: 1.1 varnish (Varnish/6.0)
12-28-2019 23:57:12 DEBUG headers:265 - << X-Ezoic-Cdn: Miss
12-28-2019 23:57:12 DEBUG headers:265 - << X-Middleton-Response: 200
12-28-2019 23:57:12 DEBUG headers:265 - << X-Shard: 
12-28-2019 23:57:12 DEBUG headers:265 - << X-Sol: pub_site
12-28-2019 23:57:12 DEBUG headers:265 - << X-Varnish: 173941690
12-28-2019 23:57:12 DEBUG headers:265 - << X-Vcache: Miss
12-28-2019 23:57:12 DEBUG headers:265 - << Content-Length: 120
12-28-2019 23:57:12 DEBUG DefaultHttpClient:509 - Connection can be kept alive indefinitely
12-28-2019 23:57:12 DEBUG RequestSpecificationImpl$RestAssuredHttpBuilder:544 - Parsing response as: text/html; charset=UTF-8
12-28-2019 23:57:12 DEBUG RequestSpecificationImpl$RestAssuredHttpBuilder:547 - Parsed data to instance of: class org.apache.http.conn.EofSensorInputStream
12-28-2019 23:57:12 DEBUG wire:87 -  << "{"id":"257888","employee_name":"Channel1.Device1.tag3_32","employee_salary":"32","employee_age":"45","profile_image":""}"
12-28-2019 23:57:12 DEBUG BasicClientConnectionManager:200 - Releasing connection org.apache.http.impl.conn.ManagedClientConnectionImpl@4f67e3df
12-28-2019 23:57:12 DEBUG BasicClientConnectionManager:225 - Connection can be kept alive indefinitely
12-28-2019 23:57:12 INFO  RestAPIBase:27 - Response Body is:{"id":"257888","employee_name":"Channel1.Device1.tag3_32","employee_salary":"32","employee_age":"45","profile_image":""}
12-28-2019 23:57:12 INFO  RestAPIBase:43 - status Line is:HTTP/1.1 200 OK
12-28-2019 23:57:12 INFO  RestAPIBase:35 - status code is:200
12-28-2019 23:57:12 INFO  RestAPIBase:49 - -----Finished TC100_GetEmp_Details------
12-29-2019 00:30:10 INFO  RestAPIBase:23 - EmployerRestAPI
12-29-2019 00:30:10 DEBUG RestAPIBase:24 - Employer details
12-29-2019 00:30:10 DEBUG BasicClientConnectionManager:161 - Get connection for route {}->http://restapi.demoqa.com:80
12-29-2019 00:30:11 DEBUG DefaultClientConnectionOperator:177 - Connecting to restapi.demoqa.com:80
12-29-2019 00:30:11 DEBUG RequestAddCookies:123 - CookieSpec selected: ignoreCookies
12-29-2019 00:30:11 DEBUG RequestAuthCache:77 - Auth cache not set in the context
12-29-2019 00:30:11 DEBUG RequestTargetAuthentication:80 - Target auth state: UNCHALLENGED
12-29-2019 00:30:11 DEBUG RequestProxyAuthentication:89 - Proxy auth state: UNCHALLENGED
12-29-2019 00:30:11 DEBUG DefaultHttpClient:682 - Attempt 1 to execute request
12-29-2019 00:30:11 DEBUG DefaultClientConnection:274 - Sending request: POST /customer/register HTTP/1.1
12-29-2019 00:30:11 DEBUG wire:73 -  >> "POST /customer/register HTTP/1.1[\r][\n]"
12-29-2019 00:30:11 DEBUG wire:73 -  >> "Accept: */*[\r][\n]"
12-29-2019 00:30:11 DEBUG wire:73 -  >> "Content-Type: application/json; charset=UTF-8[\r][\n]"
12-29-2019 00:30:11 DEBUG wire:73 -  >> "Content-Length: 112[\r][\n]"
12-29-2019 00:30:11 DEBUG wire:73 -  >> "Host: restapi.demoqa.com[\r][\n]"
12-29-2019 00:30:11 DEBUG wire:73 -  >> "Connection: Keep-Alive[\r][\n]"
12-29-2019 00:30:11 DEBUG wire:73 -  >> "User-Agent: Apache-HttpClient/4.5.3 (Java/13.0.1)[\r][\n]"
12-29-2019 00:30:11 DEBUG wire:73 -  >> "Accept-Encoding: gzip,deflate[\r][\n]"
12-29-2019 00:30:11 DEBUG wire:73 -  >> "[\r][\n]"
12-29-2019 00:30:11 DEBUG headers:278 - >> POST /customer/register HTTP/1.1
12-29-2019 00:30:11 DEBUG headers:281 - >> Accept: */*
12-29-2019 00:30:11 DEBUG headers:281 - >> Content-Type: application/json; charset=UTF-8
12-29-2019 00:30:11 DEBUG headers:281 - >> Content-Length: 112
12-29-2019 00:30:11 DEBUG headers:281 - >> Host: restapi.demoqa.com
12-29-2019 00:30:11 DEBUG headers:281 - >> Connection: Keep-Alive
12-29-2019 00:30:11 DEBUG headers:281 - >> User-Agent: Apache-HttpClient/4.5.3 (Java/13.0.1)
12-29-2019 00:30:11 DEBUG headers:281 - >> Accept-Encoding: gzip,deflate
12-29-2019 00:30:11 DEBUG wire:87 -  >> "{"UserName":"krish","Email":"bbinny4u@gmail.com","FirstName":"Krishna","LastName":"Patel","Password":"Saikrupa"}"
12-29-2019 00:30:11 DEBUG wire:73 -  << "HTTP/1.1 200 OK[\r][\n]"
12-29-2019 00:30:11 DEBUG wire:73 -  << "Server: nginx[\r][\n]"
12-29-2019 00:30:11 DEBUG wire:73 -  << "Date: Sun, 29 Dec 2019 08:29:22 GMT[\r][\n]"
12-29-2019 00:30:11 DEBUG wire:73 -  << "Content-Type: application/json[\r][\n]"
12-29-2019 00:30:11 DEBUG wire:73 -  << "Content-Length: 92[\r][\n]"
12-29-2019 00:30:11 DEBUG wire:73 -  << "Connection: keep-alive[\r][\n]"
12-29-2019 00:30:11 DEBUG wire:73 -  << "Vary: Accept-Encoding[\r][\n]"
12-29-2019 00:30:11 DEBUG wire:73 -  << "Content-Encoding: gzip[\r][\n]"
12-29-2019 00:30:11 DEBUG wire:73 -  << "Cache-Control: max-age=0[\r][\n]"
12-29-2019 00:30:11 DEBUG wire:73 -  << "Expires: Sun, 29 Dec 2019 08:29:22 GMT[\r][\n]"
12-29-2019 00:30:11 DEBUG wire:73 -  << "Access-Control-Allow-Origin: *[\r][\n]"
12-29-2019 00:30:11 DEBUG wire:73 -  << "alt-svc: quic=":443"; ma=86400; v="43,39"[\r][\n]"
12-29-2019 00:30:11 DEBUG wire:73 -  << "[\r][\n]"
12-29-2019 00:30:11 DEBUG DefaultClientConnection:259 - Receiving response: HTTP/1.1 200 OK
12-29-2019 00:30:11 DEBUG headers:262 - << HTTP/1.1 200 OK
12-29-2019 00:30:11 DEBUG headers:265 - << Server: nginx
12-29-2019 00:30:11 DEBUG headers:265 - << Date: Sun, 29 Dec 2019 08:29:22 GMT
12-29-2019 00:30:11 DEBUG headers:265 - << Content-Type: application/json
12-29-2019 00:30:11 DEBUG headers:265 - << Content-Length: 92
12-29-2019 00:30:11 DEBUG headers:265 - << Connection: keep-alive
12-29-2019 00:30:11 DEBUG headers:265 - << Vary: Accept-Encoding
12-29-2019 00:30:11 DEBUG headers:265 - << Content-Encoding: gzip
12-29-2019 00:30:11 DEBUG headers:265 - << Cache-Control: max-age=0
12-29-2019 00:30:11 DEBUG headers:265 - << Expires: Sun, 29 Dec 2019 08:29:22 GMT
12-29-2019 00:30:11 DEBUG headers:265 - << Access-Control-Allow-Origin: *
12-29-2019 00:30:11 DEBUG headers:265 - << alt-svc: quic=":443"; ma=86400; v="43,39"
12-29-2019 00:30:11 DEBUG DefaultHttpClient:509 - Connection can be kept alive indefinitely
12-29-2019 00:30:11 DEBUG RequestSpecificationImpl$RestAssuredHttpBuilder:544 - Parsing response as: application/json
12-29-2019 00:30:11 DEBUG wire:87 -  << "[0x1f][0x8b][0x8][0x0][0x0][0x0][0x0][0x0][0x0][0x3][0xab][0xe6]R[0x0][0x2]%[0xb7][0xc4][0xd2][0x9c][0x12][0xcf][0x14]%+[0x5][0xa5][0xd0][0xe2][0xd4]"[0x85][0xc4][0x9c][0xa2][0xd4][0xc4][0x94]J[0x85][0xd4][0x8a][0xcc][0xe2][0x92]b%[0x1d][0x88][0xaa]4[0x90]*[0x90][0x1a]7[0xc7]P[0x9f][0x90][0xf8][0xd0]`[0xd7][0xa0]xG[0x9f] WG[0x97][0xc8]x[0xd7][0x8][0xcf][0xe0][0x90]`%[0xae]Z[0x0][0x1e][0x8b][0xe][0x9a]R[0x0][0x0][0x0]"
12-29-2019 00:30:11 DEBUG RequestSpecificationImpl$RestAssuredHttpBuilder:547 - Parsed data to instance of: class org.apache.http.conn.EofSensorInputStream
12-29-2019 00:30:11 INFO  RestAPIBase:59 - Content Encoding gzip
12-29-2019 00:30:11 DEBUG BasicClientConnectionManager:200 - Releasing connection org.apache.http.impl.conn.ManagedClientConnectionImpl@de18f63
12-29-2019 00:30:11 DEBUG BasicClientConnectionManager:225 - Connection can be kept alive indefinitely
12-29-2019 00:30:11 INFO  RestAPIBase:43 - Response Body is:{
    "FaultId": "User already exists",
    "fault": "FAULT_USER_ALREADY_EXISTS"
}
12-29-2019 00:30:11 INFO  RestAPIBase:52 - status code is200
12-29-2019 00:32:19 INFO  RestAPIBase:23 - EmployerRestAPI
12-29-2019 00:32:19 DEBUG RestAPIBase:24 - Employer details
12-29-2019 00:32:20 DEBUG BasicClientConnectionManager:161 - Get connection for route {}->http://restapi.demoqa.com:80
12-29-2019 00:32:20 DEBUG DefaultClientConnectionOperator:177 - Connecting to restapi.demoqa.com:80
12-29-2019 00:32:20 DEBUG RequestAddCookies:123 - CookieSpec selected: ignoreCookies
12-29-2019 00:32:20 DEBUG RequestAuthCache:77 - Auth cache not set in the context
12-29-2019 00:32:20 DEBUG RequestTargetAuthentication:80 - Target auth state: UNCHALLENGED
12-29-2019 00:32:20 DEBUG RequestProxyAuthentication:89 - Proxy auth state: UNCHALLENGED
12-29-2019 00:32:20 DEBUG DefaultHttpClient:682 - Attempt 1 to execute request
12-29-2019 00:32:20 DEBUG DefaultClientConnection:274 - Sending request: POST /customer/register HTTP/1.1
12-29-2019 00:32:20 DEBUG wire:73 -  >> "POST /customer/register HTTP/1.1[\r][\n]"
12-29-2019 00:32:20 DEBUG wire:73 -  >> "Accept: */*[\r][\n]"
12-29-2019 00:32:20 DEBUG wire:73 -  >> "Content-Type: application/json; charset=UTF-8[\r][\n]"
12-29-2019 00:32:20 DEBUG wire:73 -  >> "Content-Length: 105[\r][\n]"
12-29-2019 00:32:20 DEBUG wire:73 -  >> "Host: restapi.demoqa.com[\r][\n]"
12-29-2019 00:32:20 DEBUG wire:73 -  >> "Connection: Keep-Alive[\r][\n]"
12-29-2019 00:32:20 DEBUG wire:73 -  >> "User-Agent: Apache-HttpClient/4.5.3 (Java/13.0.1)[\r][\n]"
12-29-2019 00:32:20 DEBUG wire:73 -  >> "Accept-Encoding: gzip,deflate[\r][\n]"
12-29-2019 00:32:20 DEBUG wire:73 -  >> "[\r][\n]"
12-29-2019 00:32:20 DEBUG headers:278 - >> POST /customer/register HTTP/1.1
12-29-2019 00:32:20 DEBUG headers:281 - >> Accept: */*
12-29-2019 00:32:20 DEBUG headers:281 - >> Content-Type: application/json; charset=UTF-8
12-29-2019 00:32:20 DEBUG headers:281 - >> Content-Length: 105
12-29-2019 00:32:20 DEBUG headers:281 - >> Host: restapi.demoqa.com
12-29-2019 00:32:20 DEBUG headers:281 - >> Connection: Keep-Alive
12-29-2019 00:32:20 DEBUG headers:281 - >> User-Agent: Apache-HttpClient/4.5.3 (Java/13.0.1)
12-29-2019 00:32:20 DEBUG headers:281 - >> Accept-Encoding: gzip,deflate
12-29-2019 00:32:20 DEBUG wire:87 -  >> "{"UserName":"CK","Email":"ckbaby4u@gmail.com","FirstName":"Celvin","LastName":"Klein","Password":"ck@83"}"
12-29-2019 00:32:20 DEBUG wire:73 -  << "HTTP/1.1 200 OK[\r][\n]"
12-29-2019 00:32:20 DEBUG wire:73 -  << "Server: nginx[\r][\n]"
12-29-2019 00:32:20 DEBUG wire:73 -  << "Date: Sun, 29 Dec 2019 08:31:31 GMT[\r][\n]"
12-29-2019 00:32:20 DEBUG wire:73 -  << "Content-Type: application/json[\r][\n]"
12-29-2019 00:32:20 DEBUG wire:73 -  << "Content-Length: 92[\r][\n]"
12-29-2019 00:32:20 DEBUG wire:73 -  << "Connection: keep-alive[\r][\n]"
12-29-2019 00:32:20 DEBUG wire:73 -  << "Vary: Accept-Encoding[\r][\n]"
12-29-2019 00:32:20 DEBUG wire:73 -  << "Content-Encoding: gzip[\r][\n]"
12-29-2019 00:32:20 DEBUG wire:73 -  << "Cache-Control: max-age=0[\r][\n]"
12-29-2019 00:32:20 DEBUG wire:73 -  << "Expires: Sun, 29 Dec 2019 08:31:31 GMT[\r][\n]"
12-29-2019 00:32:20 DEBUG wire:73 -  << "Access-Control-Allow-Origin: *[\r][\n]"
12-29-2019 00:32:20 DEBUG wire:73 -  << "alt-svc: quic=":443"; ma=86400; v="43,39"[\r][\n]"
12-29-2019 00:32:20 DEBUG wire:73 -  << "[\r][\n]"
12-29-2019 00:32:20 DEBUG DefaultClientConnection:259 - Receiving response: HTTP/1.1 200 OK
12-29-2019 00:32:20 DEBUG headers:262 - << HTTP/1.1 200 OK
12-29-2019 00:32:20 DEBUG headers:265 - << Server: nginx
12-29-2019 00:32:20 DEBUG headers:265 - << Date: Sun, 29 Dec 2019 08:31:31 GMT
12-29-2019 00:32:20 DEBUG headers:265 - << Content-Type: application/json
12-29-2019 00:32:20 DEBUG headers:265 - << Content-Length: 92
12-29-2019 00:32:20 DEBUG headers:265 - << Connection: keep-alive
12-29-2019 00:32:20 DEBUG headers:265 - << Vary: Accept-Encoding
12-29-2019 00:32:20 DEBUG headers:265 - << Content-Encoding: gzip
12-29-2019 00:32:20 DEBUG headers:265 - << Cache-Control: max-age=0
12-29-2019 00:32:20 DEBUG headers:265 - << Expires: Sun, 29 Dec 2019 08:31:31 GMT
12-29-2019 00:32:20 DEBUG headers:265 - << Access-Control-Allow-Origin: *
12-29-2019 00:32:20 DEBUG headers:265 - << alt-svc: quic=":443"; ma=86400; v="43,39"
12-29-2019 00:32:20 DEBUG DefaultHttpClient:509 - Connection can be kept alive indefinitely
12-29-2019 00:32:20 DEBUG RequestSpecificationImpl$RestAssuredHttpBuilder:544 - Parsing response as: application/json
12-29-2019 00:32:20 DEBUG wire:87 -  << "[0x1f][0x8b][0x8][0x0][0x0][0x0][0x0][0x0][0x0][0x3][0xab][0xe6]R[0x0][0x2]%[0xb7][0xc4][0xd2][0x9c][0x12][0xcf][0x14]%+[0x5][0xa5][0xd0][0xe2][0xd4]"[0x85][0xc4][0x9c][0xa2][0xd4][0xc4][0x94]J[0x85][0xd4][0x8a][0xcc][0xe2][0x92]b%[0x1d][0x88][0xaa]4[0x90]*[0x90][0x1a]7[0xc7]P[0x9f][0x90][0xf8][0xd0]`[0xd7][0xa0]xG[0x9f] WG[0x97][0xc8]x[0xd7][0x8][0xcf][0xe0][0x90]`%[0xae]Z[0x0][0x1e][0x8b][0xe][0x9a]R[0x0][0x0][0x0]"
12-29-2019 00:32:20 DEBUG RequestSpecificationImpl$RestAssuredHttpBuilder:547 - Parsed data to instance of: class org.apache.http.conn.EofSensorInputStream
12-29-2019 00:32:20 INFO  RestAPIBase:59 - Content Encoding gzip
12-29-2019 00:32:20 DEBUG BasicClientConnectionManager:200 - Releasing connection org.apache.http.impl.conn.ManagedClientConnectionImpl@3eee3e2b
12-29-2019 00:32:20 DEBUG BasicClientConnectionManager:225 - Connection can be kept alive indefinitely
12-29-2019 00:32:20 INFO  RestAPIBase:43 - Response Body is:{
    "FaultId": "User already exists",
    "fault": "FAULT_USER_ALREADY_EXISTS"
}
12-29-2019 00:32:20 INFO  RestAPIBase:52 - status code is200
12-29-2019 00:35:39 INFO  RestAPIBase:23 - EmployerRestAPI
12-29-2019 00:35:39 DEBUG RestAPIBase:24 - Employer details
12-29-2019 00:35:40 DEBUG BasicClientConnectionManager:161 - Get connection for route {}->http://restapi.demoqa.com:80
12-29-2019 00:35:40 DEBUG DefaultClientConnectionOperator:177 - Connecting to restapi.demoqa.com:80
12-29-2019 00:35:40 DEBUG RequestAddCookies:123 - CookieSpec selected: ignoreCookies
12-29-2019 00:35:40 DEBUG RequestAuthCache:77 - Auth cache not set in the context
12-29-2019 00:35:40 DEBUG RequestTargetAuthentication:80 - Target auth state: UNCHALLENGED
12-29-2019 00:35:40 DEBUG RequestProxyAuthentication:89 - Proxy auth state: UNCHALLENGED
12-29-2019 00:35:40 DEBUG DefaultHttpClient:682 - Attempt 1 to execute request
12-29-2019 00:35:40 DEBUG DefaultClientConnection:274 - Sending request: POST /customer/register HTTP/1.1
12-29-2019 00:35:40 DEBUG wire:73 -  >> "POST /customer/register HTTP/1.1[\r][\n]"
12-29-2019 00:35:40 DEBUG wire:73 -  >> "Accept: */*[\r][\n]"
12-29-2019 00:35:40 DEBUG wire:73 -  >> "Content-Type: application/json; charset=UTF-8[\r][\n]"
12-29-2019 00:35:40 DEBUG wire:73 -  >> "Content-Length: 110[\r][\n]"
12-29-2019 00:35:40 DEBUG wire:73 -  >> "Host: restapi.demoqa.com[\r][\n]"
12-29-2019 00:35:40 DEBUG wire:73 -  >> "Connection: Keep-Alive[\r][\n]"
12-29-2019 00:35:40 DEBUG wire:73 -  >> "User-Agent: Apache-HttpClient/4.5.3 (Java/13.0.1)[\r][\n]"
12-29-2019 00:35:40 DEBUG wire:73 -  >> "Accept-Encoding: gzip,deflate[\r][\n]"
12-29-2019 00:35:40 DEBUG wire:73 -  >> "[\r][\n]"
12-29-2019 00:35:40 DEBUG headers:278 - >> POST /customer/register HTTP/1.1
12-29-2019 00:35:40 DEBUG headers:281 - >> Accept: */*
12-29-2019 00:35:40 DEBUG headers:281 - >> Content-Type: application/json; charset=UTF-8
12-29-2019 00:35:40 DEBUG headers:281 - >> Content-Length: 110
12-29-2019 00:35:40 DEBUG headers:281 - >> Host: restapi.demoqa.com
12-29-2019 00:35:40 DEBUG headers:281 - >> Connection: Keep-Alive
12-29-2019 00:35:40 DEBUG headers:281 - >> User-Agent: Apache-HttpClient/4.5.3 (Java/13.0.1)
12-29-2019 00:35:40 DEBUG headers:281 - >> Accept-Encoding: gzip,deflate
12-29-2019 00:35:40 DEBUG wire:87 -  >> "{"UserName":"dhonisign","Email":"someuser@gmail.com","FirstName":"Dhoni","LastName":"Sign","Password":"dj@83"}"
12-29-2019 00:35:40 DEBUG wire:73 -  << "HTTP/1.1 200 OK[\r][\n]"
12-29-2019 00:35:40 DEBUG wire:73 -  << "Server: nginx[\r][\n]"
12-29-2019 00:35:40 DEBUG wire:73 -  << "Date: Sun, 29 Dec 2019 08:34:52 GMT[\r][\n]"
12-29-2019 00:35:40 DEBUG wire:73 -  << "Content-Type: application/json[\r][\n]"
12-29-2019 00:35:40 DEBUG wire:73 -  << "Content-Length: 92[\r][\n]"
12-29-2019 00:35:40 DEBUG wire:73 -  << "Connection: keep-alive[\r][\n]"
12-29-2019 00:35:40 DEBUG wire:73 -  << "Vary: Accept-Encoding[\r][\n]"
12-29-2019 00:35:40 DEBUG wire:73 -  << "Content-Encoding: gzip[\r][\n]"
12-29-2019 00:35:40 DEBUG wire:73 -  << "Cache-Control: max-age=0[\r][\n]"
12-29-2019 00:35:40 DEBUG wire:73 -  << "Expires: Sun, 29 Dec 2019 08:34:52 GMT[\r][\n]"
12-29-2019 00:35:40 DEBUG wire:73 -  << "Access-Control-Allow-Origin: *[\r][\n]"
12-29-2019 00:35:40 DEBUG wire:73 -  << "alt-svc: quic=":443"; ma=86400; v="43,39"[\r][\n]"
12-29-2019 00:35:40 DEBUG wire:73 -  << "[\r][\n]"
12-29-2019 00:35:40 DEBUG DefaultClientConnection:259 - Receiving response: HTTP/1.1 200 OK
12-29-2019 00:35:40 DEBUG headers:262 - << HTTP/1.1 200 OK
12-29-2019 00:35:40 DEBUG headers:265 - << Server: nginx
12-29-2019 00:35:40 DEBUG headers:265 - << Date: Sun, 29 Dec 2019 08:34:52 GMT
12-29-2019 00:35:40 DEBUG headers:265 - << Content-Type: application/json
12-29-2019 00:35:40 DEBUG headers:265 - << Content-Length: 92
12-29-2019 00:35:40 DEBUG headers:265 - << Connection: keep-alive
12-29-2019 00:35:40 DEBUG headers:265 - << Vary: Accept-Encoding
12-29-2019 00:35:40 DEBUG headers:265 - << Content-Encoding: gzip
12-29-2019 00:35:40 DEBUG headers:265 - << Cache-Control: max-age=0
12-29-2019 00:35:40 DEBUG headers:265 - << Expires: Sun, 29 Dec 2019 08:34:52 GMT
12-29-2019 00:35:40 DEBUG headers:265 - << Access-Control-Allow-Origin: *
12-29-2019 00:35:40 DEBUG headers:265 - << alt-svc: quic=":443"; ma=86400; v="43,39"
12-29-2019 00:35:40 DEBUG DefaultHttpClient:509 - Connection can be kept alive indefinitely
12-29-2019 00:35:40 DEBUG RequestSpecificationImpl$RestAssuredHttpBuilder:544 - Parsing response as: application/json
12-29-2019 00:35:40 DEBUG wire:87 -  << "[0x1f][0x8b][0x8][0x0][0x0][0x0][0x0][0x0][0x0][0x3][0xab][0xe6]R[0x0][0x2]%[0xb7][0xc4][0xd2][0x9c][0x12][0xcf][0x14]%+[0x5][0xa5][0xd0][0xe2][0xd4]"[0x85][0xc4][0x9c][0xa2][0xd4][0xc4][0x94]J[0x85][0xd4][0x8a][0xcc][0xe2][0x92]b%[0x1d][0x88][0xaa]4[0x90]*[0x90][0x1a]7[0xc7]P[0x9f][0x90][0xf8][0xd0]`[0xd7][0xa0]xG[0x9f] WG[0x97][0xc8]x[0xd7][0x8][0xcf][0xe0][0x90]`%[0xae]Z[0x0][0x1e][0x8b][0xe][0x9a]R[0x0][0x0][0x0]"
12-29-2019 00:35:40 DEBUG RequestSpecificationImpl$RestAssuredHttpBuilder:547 - Parsed data to instance of: class org.apache.http.conn.EofSensorInputStream
12-29-2019 00:35:40 INFO  RestAPIBase:59 - Content Encoding gzip
12-29-2019 00:35:40 DEBUG BasicClientConnectionManager:200 - Releasing connection org.apache.http.impl.conn.ManagedClientConnectionImpl@4d48bd85
12-29-2019 00:35:40 DEBUG BasicClientConnectionManager:225 - Connection can be kept alive indefinitely
12-29-2019 00:35:40 INFO  RestAPIBase:43 - Response Body is:{
    "FaultId": "User already exists",
    "fault": "FAULT_USER_ALREADY_EXISTS"
}
12-29-2019 00:35:40 INFO  RestAPIBase:52 - status code is200
01-14-2020 16:03:09 DEBUG BasicClientConnectionManager:161 - Get connection for route {}->http://dummy.restapiexample.com:80
01-14-2020 16:03:09 DEBUG DefaultClientConnectionOperator:177 - Connecting to dummy.restapiexample.com:80
01-14-2020 16:03:09 DEBUG RequestAddCookies:123 - CookieSpec selected: ignoreCookies
01-14-2020 16:03:09 DEBUG RequestAuthCache:77 - Auth cache not set in the context
01-14-2020 16:03:09 DEBUG RequestTargetAuthentication:80 - Target auth state: UNCHALLENGED
01-14-2020 16:03:09 DEBUG RequestProxyAuthentication:89 - Proxy auth state: UNCHALLENGED
01-14-2020 16:03:09 DEBUG DefaultHttpClient:682 - Attempt 1 to execute request
01-14-2020 16:03:09 DEBUG DefaultClientConnection:274 - Sending request: GET /api/v1/employee/1 HTTP/1.1
01-14-2020 16:03:09 DEBUG wire:73 -  >> "GET /api/v1/employee/1 HTTP/1.1[\r][\n]"
01-14-2020 16:03:09 DEBUG wire:73 -  >> "Accept: */*[\r][\n]"
01-14-2020 16:03:09 DEBUG wire:73 -  >> "Host: dummy.restapiexample.com[\r][\n]"
01-14-2020 16:03:09 DEBUG wire:73 -  >> "Connection: Keep-Alive[\r][\n]"
01-14-2020 16:03:09 DEBUG wire:73 -  >> "User-Agent: Apache-HttpClient/4.5.3 (Java/13.0.1)[\r][\n]"
01-14-2020 16:03:09 DEBUG wire:73 -  >> "Accept-Encoding: gzip,deflate[\r][\n]"
01-14-2020 16:03:09 DEBUG wire:73 -  >> "[\r][\n]"
01-14-2020 16:03:09 DEBUG headers:278 - >> GET /api/v1/employee/1 HTTP/1.1
01-14-2020 16:03:09 DEBUG headers:281 - >> Accept: */*
01-14-2020 16:03:09 DEBUG headers:281 - >> Host: dummy.restapiexample.com
01-14-2020 16:03:09 DEBUG headers:281 - >> Connection: Keep-Alive
01-14-2020 16:03:09 DEBUG headers:281 - >> User-Agent: Apache-HttpClient/4.5.3 (Java/13.0.1)
01-14-2020 16:03:09 DEBUG headers:281 - >> Accept-Encoding: gzip,deflate
01-14-2020 16:03:10 DEBUG wire:73 -  << "HTTP/1.1 200 OK[\r][\n]"
01-14-2020 16:03:10 DEBUG wire:73 -  << "Accept-Ranges: bytes[\r][\n]"
01-14-2020 16:03:10 DEBUG wire:73 -  << "Access-Control-Allow-Origin: *[\r][\n]"
01-14-2020 16:03:10 DEBUG wire:73 -  << "Access-Control-Expose-Headers: Content-Type, X-Requested-With, X-authentication, X-client[\r][\n]"
01-14-2020 16:03:10 DEBUG wire:73 -  << "Age: 0[\r][\n]"
01-14-2020 16:03:10 DEBUG wire:73 -  << "Cache-Control: no-store, no-cache, must-revalidate[\r][\n]"
01-14-2020 16:03:10 DEBUG wire:73 -  << "Content-Encoding: gzip[\r][\n]"
01-14-2020 16:03:10 DEBUG wire:73 -  << "Content-Type: text/html; charset=UTF-8[\r][\n]"
01-14-2020 16:03:10 DEBUG wire:73 -  << "Date: Wed, 15 Jan 2020 00:03:10 GMT[\r][\n]"
01-14-2020 16:03:10 DEBUG wire:73 -  << "Display: pub_site_to_orig_sol[\r][\n]"
01-14-2020 16:03:10 DEBUG wire:73 -  << "Expires: Thu, 19 Nov 1981 08:52:00 GMT[\r][\n]"
01-14-2020 16:03:10 DEBUG wire:73 -  << "Pagespeed: off[\r][\n]"
01-14-2020 16:03:10 DEBUG wire:73 -  << "Pragma: no-cache[\r][\n]"
01-14-2020 16:03:10 DEBUG wire:73 -  << "Referrer-Policy: [\r][\n]"
01-14-2020 16:03:10 DEBUG wire:73 -  << "Response: 200[\r][\n]"
01-14-2020 16:03:10 DEBUG wire:73 -  << "Server: nginx/1.16.0[\r][\n]"
01-14-2020 16:03:10 DEBUG wire:73 -  << "Set-Cookie: PHPSESSID=edafafefd7059962fb5bd57f569c56f5; path=/[\r][\n]"
01-14-2020 16:03:10 DEBUG wire:73 -  << "Set-Cookie: ezoadgid_133674=-1; Path=/; Domain=restapiexample.com; Expires=Wed, 15 Jan 2020 00:33:09 UTC[\r][\n]"
01-14-2020 16:03:10 DEBUG wire:73 -  << "Set-Cookie: ezoref_133674=; Path=/; Domain=restapiexample.com; Expires=Wed, 15 Jan 2020 02:03:09 UTC[\r][\n]"
01-14-2020 16:03:10 DEBUG wire:73 -  << "Set-Cookie: ezoab_133674=mod7-c; Path=/; Domain=restapiexample.com; Expires=Wed, 15 Jan 2020 02:03:09 UTC[\r][\n]"
01-14-2020 16:03:10 DEBUG wire:73 -  << "Set-Cookie: active_template::133674=pub_site.1579046589; Path=/; Domain=restapiexample.com; Expires=Fri, 17 Jan 2020 00:03:09 UTC[\r][\n]"
01-14-2020 16:03:10 DEBUG wire:73 -  << "Set-Cookie: lp_133674=http://dummy.restapiexample.com/api/v1/employee/1; Path=/; Domain=restapiexample.com; Expires=Wed, 15 Jan 2020 02:03:10 UTC[\r][\n]"
01-14-2020 16:03:10 DEBUG wire:73 -  << "Set-Cookie: ezovuuidtime_133674=1579046590; Path=/; Domain=restapiexample.com; Expires=Fri, 17 Jan 2020 00:03:10 UTC[\r][\n]"
01-14-2020 16:03:10 DEBUG wire:73 -  << "Set-Cookie: ezovuuid_133674=df35c888-6431-43ce-6854-656b0b05a117; Path=/; Domain=restapiexample.com; Expires=Wed, 15 Jan 2020 00:33:10 UTC[\r][\n]"
01-14-2020 16:03:10 DEBUG wire:73 -  << "Set-Cookie: ezopvc_133674=1; Path=/; Domain=restapiexample.com; Expires=Wed, 15 Jan 2020 00:33:10 UTC[\r][\n]"
01-14-2020 16:03:10 DEBUG wire:73 -  << "Set-Cookie: ezCMPCCS=true; Path=/; Domain=restapiexample.com; Expires=Fri, 15 Jan 2021 00:03:10 GMT[\r][\n]"
01-14-2020 16:03:10 DEBUG wire:73 -  << "Vary: User-Agent,Accept-Encoding,X-APP-JSON[\r][\n]"
01-14-2020 16:03:10 DEBUG wire:73 -  << "Via: 1.1 varnish (Varnish/6.0)[\r][\n]"
01-14-2020 16:03:10 DEBUG wire:73 -  << "X-Ezoic-Cdn: Miss[\r][\n]"
01-14-2020 16:03:10 DEBUG wire:73 -  << "X-Middleton-Display: pub_site_to_orig_sol[\r][\n]"
01-14-2020 16:03:10 DEBUG wire:73 -  << "X-Middleton-Response: 200[\r][\n]"
01-14-2020 16:03:10 DEBUG wire:73 -  << "X-Shard: 100226249[\r][\n]"
01-14-2020 16:03:10 DEBUG wire:73 -  << "X-Sol: pub_site[\r][\n]"
01-14-2020 16:03:10 DEBUG wire:73 -  << "X-Varnish: 941436879[\r][\n]"
01-14-2020 16:03:10 DEBUG wire:73 -  << "X-Vcache: Miss[\r][\n]"
01-14-2020 16:03:10 DEBUG wire:73 -  << "Content-Length: 1062[\r][\n]"
01-14-2020 16:03:10 DEBUG wire:73 -  << "[\r][\n]"
01-14-2020 16:03:10 DEBUG DefaultClientConnection:259 - Receiving response: HTTP/1.1 200 OK
01-14-2020 16:03:10 DEBUG headers:262 - << HTTP/1.1 200 OK
01-14-2020 16:03:10 DEBUG headers:265 - << Accept-Ranges: bytes
01-14-2020 16:03:10 DEBUG headers:265 - << Access-Control-Allow-Origin: *
01-14-2020 16:03:10 DEBUG headers:265 - << Access-Control-Expose-Headers: Content-Type, X-Requested-With, X-authentication, X-client
01-14-2020 16:03:10 DEBUG headers:265 - << Age: 0
01-14-2020 16:03:10 DEBUG headers:265 - << Cache-Control: no-store, no-cache, must-revalidate
01-14-2020 16:03:10 DEBUG headers:265 - << Content-Encoding: gzip
01-14-2020 16:03:10 DEBUG headers:265 - << Content-Type: text/html; charset=UTF-8
01-14-2020 16:03:10 DEBUG headers:265 - << Date: Wed, 15 Jan 2020 00:03:10 GMT
01-14-2020 16:03:10 DEBUG headers:265 - << Display: pub_site_to_orig_sol
01-14-2020 16:03:10 DEBUG headers:265 - << Expires: Thu, 19 Nov 1981 08:52:00 GMT
01-14-2020 16:03:10 DEBUG headers:265 - << Pagespeed: off
01-14-2020 16:03:10 DEBUG headers:265 - << Pragma: no-cache
01-14-2020 16:03:10 DEBUG headers:265 - << Referrer-Policy: 
01-14-2020 16:03:10 DEBUG headers:265 - << Response: 200
01-14-2020 16:03:10 DEBUG headers:265 - << Server: nginx/1.16.0
01-14-2020 16:03:10 DEBUG headers:265 - << Set-Cookie: PHPSESSID=edafafefd7059962fb5bd57f569c56f5; path=/
01-14-2020 16:03:10 DEBUG headers:265 - << Set-Cookie: ezoadgid_133674=-1; Path=/; Domain=restapiexample.com; Expires=Wed, 15 Jan 2020 00:33:09 UTC
01-14-2020 16:03:10 DEBUG headers:265 - << Set-Cookie: ezoref_133674=; Path=/; Domain=restapiexample.com; Expires=Wed, 15 Jan 2020 02:03:09 UTC
01-14-2020 16:03:10 DEBUG headers:265 - << Set-Cookie: ezoab_133674=mod7-c; Path=/; Domain=restapiexample.com; Expires=Wed, 15 Jan 2020 02:03:09 UTC
01-14-2020 16:03:10 DEBUG headers:265 - << Set-Cookie: active_template::133674=pub_site.1579046589; Path=/; Domain=restapiexample.com; Expires=Fri, 17 Jan 2020 00:03:09 UTC
01-14-2020 16:03:10 DEBUG headers:265 - << Set-Cookie: lp_133674=http://dummy.restapiexample.com/api/v1/employee/1; Path=/; Domain=restapiexample.com; Expires=Wed, 15 Jan 2020 02:03:10 UTC
01-14-2020 16:03:10 DEBUG headers:265 - << Set-Cookie: ezovuuidtime_133674=1579046590; Path=/; Domain=restapiexample.com; Expires=Fri, 17 Jan 2020 00:03:10 UTC
01-14-2020 16:03:10 DEBUG headers:265 - << Set-Cookie: ezovuuid_133674=df35c888-6431-43ce-6854-656b0b05a117; Path=/; Domain=restapiexample.com; Expires=Wed, 15 Jan 2020 00:33:10 UTC
01-14-2020 16:03:10 DEBUG headers:265 - << Set-Cookie: ezopvc_133674=1; Path=/; Domain=restapiexample.com; Expires=Wed, 15 Jan 2020 00:33:10 UTC
01-14-2020 16:03:10 DEBUG headers:265 - << Set-Cookie: ezCMPCCS=true; Path=/; Domain=restapiexample.com; Expires=Fri, 15 Jan 2021 00:03:10 GMT
01-14-2020 16:03:10 DEBUG headers:265 - << Vary: User-Agent,Accept-Encoding,X-APP-JSON
01-14-2020 16:03:10 DEBUG headers:265 - << Via: 1.1 varnish (Varnish/6.0)
01-14-2020 16:03:10 DEBUG headers:265 - << X-Ezoic-Cdn: Miss
01-14-2020 16:03:10 DEBUG headers:265 - << X-Middleton-Display: pub_site_to_orig_sol
01-14-2020 16:03:10 DEBUG headers:265 - << X-Middleton-Response: 200
01-14-2020 16:03:10 DEBUG headers:265 - << X-Shard: 100226249
01-14-2020 16:03:10 DEBUG headers:265 - << X-Sol: pub_site
01-14-2020 16:03:10 DEBUG headers:265 - << X-Varnish: 941436879
01-14-2020 16:03:10 DEBUG headers:265 - << X-Vcache: Miss
01-14-2020 16:03:10 DEBUG headers:265 - << Content-Length: 1062
01-14-2020 16:03:10 DEBUG DefaultHttpClient:509 - Connection can be kept alive indefinitely
01-14-2020 16:03:10 DEBUG RequestSpecificationImpl$RestAssuredHttpBuilder:544 - Parsing response as: text/html; charset=UTF-8
01-14-2020 16:03:10 DEBUG wire:73 -  << "[0x1f][0x8b][0x8][0x0][0x0][0x0][0x0][0x0][0x0][0xff][0xbc]V]o[0xa3]8[0x14]}[0x9e][0xfc][\n]"
01-14-2020 16:03:10 DEBUG wire:73 -  << "[0xea][0x7][0x82]U[\n]"
01-14-2020 16:03:10 DEBUG wire:73 -  << "![0x9d][0xed][0x8c]J[0x9c]h[0xa4][0x99][0x91]VZi[0xb5][0xea][0xbe]UU[0xe5][0xd8][0x17]p[0x87][0xd8][0xd4]6i[0xd3]4[0xff]}[0x5]$[0xe4][0xa3][0xd0][0xee][0xcb][0xee][0x13][0xc6][0xf7]r[0xcf][0xb9][0xc7][0xc7]WL[0xc][0xd3][0xa2][0xb0][0x8e]][0x15]@[0x86][0x16][0x9e]m[0xf8]@[0x97][0xb4][0xd9][0x1d]:[0xc6][0xae]r C.L[0x91][0xd3][0xd5][0xb5]T[0x12][0xe2][0xa1]C[0xcd]J[0xb2][0xe9][0xe0][0xfe][0x1e]^[0x82][0xc7][0x12]J[0x8]([0xe7]?E[0xe][0xde][0x10][0xf8]BI[0xab]dPd[0xc5][0xd0]w[0x86]![0x7][0xab][0x95][0xb0],[0x13][0x8c][0xa6]*l[0xe3]O0/f[0x94]P[0x97][0xcd][0xc9][0xa5]k[0xb2][0xea]1[0x1e][0xfa][0x8e][0xd5]%[0xf8][0xce][0xed][0xdd]n[0x95][0xd0][0xdc][0x9c]<p[0xdc][0x9][0xfd][0x0]y[0xbe]J[0x84][0xc9]Z[0xec]B[0xe9]B[0x9][0x3]T[0xda]p[0x1f][0xed]C[0xde]B|[0x4]=[0x9][0x1b]q[0xa6][0x83][0xc1]V[0xbc][0xe9][0x92]j[0xe7][0x9e][0x96]\Hs[0xcf][0xd5][0x82] [\r][0xc6][0xd2]B[0xc0]3][0x14]9[0xdc]3[0xb5]@~[0x9b] 8[0x89]./[0xaf][0xbe]|[0x8e][0x8f][0xbb][0xf8][0xe]9][0xfd],%[0xf3]P[0x93][0x1a]<[0x18][0xe4][0xa3]:[0xa9][0x1][0xaa][0xb2][0x90][0xef][0xa0]0LU[0x0]/J[0xb0]@[0x82]=[0x95][0xb8][0xfd]x[0xc6][0xe6]$[0xfa][0xfa][0xf5][0xe2][0x12][0xe1][0xb8]e=[0x91]j[0xb7][0xe2]b[0xb9]=`tt[0xc0]h:[0x11][0x8b][0xd4]1[0x9a][0x11][0x14][0x86][0x85]x[0x86]<x,[0xa9][0xb4][0x6][0xf4][0x12][0x2][0xa6][0x16][0xcd]fX\\F[0xe2][0xe5]*K~[0x96][0x96]GWA*[0x92]YN[0xe7][0x90][0x1b][0xf2]]-[0xa8][0x90][0xc1][![0xfc]&[0xf2];[0xf][0x1a][0x11][0x90]3W[0x9a][0x83]&h[0x84][0x9c][0xc]D[0x9a]Y[0x82]"[0xe4]<[0x9]n[0xb3]zEsK[0xd0]_[0x15]>[0xa3][0xc6][0xa2]p:[0x9][0xb9]XN'[0xe1][0xbe][0x93][0xfd][0xaa]%[0x9e]Y[[0x98][0xeb]04[0xf3][0xc0]0[0xa5][0x81]Q[0xcd]5[0x18][0xa0][0x9a]eM[0xb]3[0x16][0x91][0xb1][0xcb][0xc6]d<[0x1a]E[0xbf]}[0x1e]q[0xd9][0x92][0x8c][0x83][0x91][0xcb][0x1e]HT[0xc3][0xb4]e[0x7][0x1f]\[0x13]N-[0xbd]`I}/[0xc8][0xb0]v[0xca]p[0xea]%[0xa5]dV([0xe9][0xe1][0xf5]n[0xe9][0xcc]=[0xf0][0x19]^'J{[0x95]k8[0x19][0xc5]|[0xc2][0x82][0x1c]dj[0xb3][0x98][0x9f][0x9f][0xe3]u[0xb5][0x9f][0x10]v[0xcb][0xef]b[0x91]x#B[0x92][0x8a]o[0x91][0x83][0x85][0xd7]WTJ[0xe][0x89][0x90][0xc0][0xd1][0x19][0xa9][0xd8][0xa8][0xc4]I[0x2][\r][0x94][0xaf]n,[0xb5][0xe0][0xba][0x9f][0xa7][0x87][0xef]M[0xb9][0x94]$A[\n]"
01-14-2020 16:03:10 DEBUG wire:73 -  << "[0xf6][0x9b][0xb5]Z[0xcc]K[0xb][0x1e]2[0x9a]![0xfc][0xfa][0x9a][0x4][0xac][0xd4][0x1a][0xa4][0xbd][0xd1],[0xfe][0xb8]vMf[0xbf]1K*G[0xfe]X[0x82][0xb4][0x8]cA[0x82][0xf6]P[0xae](7[0x96]j[0x8b][0xfc]V[0x80][0xac][0xa1][0xf1][0x8b]d[0xdd]4[0xb2]C[0x1a]OBr[0xf5]T[0xf9][?[0x1a]/[0xf3][0xe1][\r][0xbe][0xf6][0xfe]U[0xb][0xfe][0xf1][0xb7][0x89][0x9f]b[0x1c][0xf7][0x91][0xec][0xe6][0xb7]-[0xf6]7[0xd5])[0xd8]>[0xb6]F[0xb3][0x1f]9,@[0xda]>[0xe2][0xe0]e[0xfe][0xe0]SE[0xbd][0x17][0x1f]xe[0x9b][0xff][0x9c]E/[0x7][0xd0]Z[0xe9][0xff][0x5]~[0xb3][0xd9][0xb4][0x17][0x80]z[0xb0][0xb7]?#[0xa3][0x98]M[0xb8]be][0xa6][0x1e]F7[0x19][0x80]5[0xbb][0x1b][0xc1][0xce][0xcf][0xb1]H[0xbc][0xae][0x94][v[0x17]d[0x1a][0x12]B[0x0]k[0xb0][0xa5][0x96]g[0xa3]x[0xbb][0x88]6s[0xf][0x89]E[0x8a][0xfc][0xf6][0xcb][0xc7][0x12][0xf4][0xea][0x6]r`V[0xe9]oy[0xde][0xc4]1[0x8e][0xe7][0x1e]Z[\n]"
01-14-2020 16:03:10 DEBUG wire:73 -  << "[0xe][0xea][0xdd][0xdc]&[0xa3][0xc9][0xae][0x6][0xec][0xfb][0xd9]M[0x6][0xc6][0xf1][0xe0][0xd3]~[\n]"
01-14-2020 16:03:10 DEBUG wire:87 -  << "[0xbc][0xe9][0x1b][0xe][0x9b]\7[0xe3][0x0]nY}[0xed]=Th[0xa8]]J[0x8]?9[0x1][\r]yu[0x2][0xa8][0xd6][0xc2]TZ[0xf4]%a[0xd7][0x95]e[0x9e][0x9f][0xbd][0x89]V[0xba]![0xec][0xba][0xd4][0xeb][0x8e]`[0xbc]>[0xbe]J[0xdc][0xef]I[0x8c][0x9b]q[0xd5][0x8a][0xc1]4P[0xb][cl5[0x8e][0x93]@[0xc9][0xda]n[0xa4]U#[0xc5][0xeb][0xae]y[0x93][0x6][0x5][0xb5][0x99][0xeb][0xf6][0xc7]nGw[0x7]~[0x9b][0x1d][0xfb][0x8d][0xfb]]I[0xf8][0xba][0xbb][0xdc][0xde][0xc1]}[0x80][0x7][0x1e][0xaf][0xfa]u[0xdd][0xb7]p')x[0x13]'[0xd5][0x1e][0x19]|[0xea]Vl[0xb3][0xd9]`[0xef][0x1d][0xef][0xe4]B[0xfe][0xaa]t[0xed]"[0xb4]Eo~[0x9][0xc]M\[0xf7]"[0x9a][0x9c]n[0x6]Brx[0xfe]3[0xf1][0xa2]+|[0xd2]Ww[0x9d][0xcc][0xf0][0xaa][0xb5][0xb3][0x88][0x10][0xd2][0x19][0xd9][0xf5]WheUU[0xe2][0xcd]4q][0xf][0xed][0x8e][0x16][0x9d][0xc2](Y[0x19][0xd9]u[0xbd][0xed]{[0xdf]8>J[0xc7][0xc7][0xaf][0xa4][0xf2]1[0xf6];@Z)[[0x98]v[0xe7][0x14][0xa8][0x17][0xf9][0xa4][0x6]>[0xdd]h[0xd0][0xf1][0x6]{[0x7]R[0xff][0x4][0x0][0x0][0xff][0xff][0xa2]jet;[0xb][0x0][0x0]"
01-14-2020 16:03:10 DEBUG RequestSpecificationImpl$RestAssuredHttpBuilder:547 - Parsed data to instance of: class org.apache.http.conn.EofSensorInputStream
01-14-2020 16:03:10 DEBUG BasicClientConnectionManager:200 - Releasing connection org.apache.http.impl.conn.ManagedClientConnectionImpl@56681eaf
01-14-2020 16:03:10 DEBUG BasicClientConnectionManager:225 - Connection can be kept alive indefinitely
